Using pre-set license
Built from '2021.1/staging' branch; Version is '2021.1.3f1 (4bef613afd59) revision 4976481'; Using compiler version '192528614'; Build Type 'Release'
OS: 'Windows 10 Home; OS build 19042.928; Version 2009; 64bit' Language: 'de' Physical Memory: 16171 MB
BatchMode: 1, IsHumanControllingUs: 0, StartBugReporterOnCrash: 0, Is64bit: 1, IsPro: 0

 COMMAND LINE ARGUMENTS:
C:\Program Files\Unity\Hub\Editor\2021.1.3f1\Editor\Unity.exe
-adb2
-batchMode
-noUpm
-name
AssetImportWorker0
-projectPath
C:/Users/aourf/TopDownShooter/TopDownShooter
-logFile
Logs/AssetImportWorker0.log
-srvPort
51249
Successfully changed project path to: C:/Users/aourf/TopDownShooter/TopDownShooter
C:/Users/aourf/TopDownShooter/TopDownShooter
Using Asset Import Pipeline V2.
Refreshing native plugins compatible for Editor in 125.53 ms, found 1 plugins.
Preloading 0 native plugins for Editor in 0.00 ms.
Initialize engine version: 2021.1.3f1 (4bef613afd59)
[Subsystems] Discovering subsystems at path C:/Program Files/Unity/Hub/Editor/2021.1.3f1/Editor/Data/Resources/UnitySubsystems
[Subsystems] Discovering subsystems at path C:/Users/aourf/TopDownShooter/TopDownShooter/Assets
GfxDevice: creating device client; threaded=0; jobified=0
Direct3D:
    Version:  Direct3D 11.0 [level 11.1]
    Renderer: NVIDIA GeForce MX250 (ID=0x1d13)
    Vendor:   NVIDIA
    VRAM:     1983 MB
    Driver:   27.21.14.6611
Initialize mono
Mono path[0] = 'C:/Program Files/Unity/Hub/Editor/2021.1.3f1/Editor/Data/Managed'
Mono path[1] = 'C:/Program Files/Unity/Hub/Editor/2021.1.3f1/Editor/Data/MonoBleedingEdge/lib/mono/unityjit'
Mono config path = 'C:/Program Files/Unity/Hub/Editor/2021.1.3f1/Editor/Data/MonoBleedingEdge/etc'
Using monoOptions --debugger-agent=transport=dt_socket,embedding=1,server=y,suspend=n,address=127.0.0.1:56328
Begin MonoManager ReloadAssembly
Registering precompiled unity dll's ...
Register platform support module: C:/Program Files/Unity/Hub/Editor/2021.1.3f1/Editor/Data/PlaybackEngines/WindowsStandaloneSupport/UnityEditor.WindowsStandalone.Extensions.dll
Registered in 0.003519 seconds.
Native extension for WindowsStandalone target not found
Refreshing native plugins compatible for Editor in 125.28 ms, found 1 plugins.
Preloading 0 native plugins for Editor in 0.00 ms.
Mono: successfully reloaded assembly
- Completed reload, in  2.070 seconds
Platform modules already initialized, skipping
Registering precompiled user dll's ...
Registered in 0.003381 seconds.
Begin MonoManager ReloadAssembly
Native extension for WindowsStandalone target not found
Refreshing native plugins compatible for Editor in 0.88 ms, found 1 plugins.
Preloading 0 native plugins for Editor in 0.00 ms.
Mono: successfully reloaded assembly
- Completed reload, in  1.804 seconds
Platform modules already initialized, skipping
========================================================================
Worker process is ready to serve import requests
Launched and connected shader compiler UnityShaderCompiler.exe after 0.08 seconds
Refreshing native plugins compatible for Editor in 3.31 ms, found 1 plugins.
Preloading 0 native plugins for Editor in 0.00 ms.
Unloading 2665 Unused Serialized files (Serialized files now loaded: 0)
System memory in use before: 98.9 MB.
System memory in use after: 99.1 MB.

Unloading 15 unused Assets to reduce memory usage. Loaded Objects now: 3120.
Total: 4.009900 ms (FindLiveObjects: 0.619800 ms CreateObjectMapping: 0.249700 ms MarkObjects: 2.961800 ms  DeleteObjects: 0.175000 ms)

========================================================================
Received Import Request.
  path: Assets/Hand Painted Stone Texture/Texture/Stone_Base_Color.png
  artifactKey: Guid(48f4f66d4e15b924e845a15cc353d2db) Importer(815301076,1909f56bfc062723c751e8b465ee728b)
Start importing Assets/Hand Painted Stone Texture/Texture/Stone_Base_Color.png using Guid(48f4f66d4e15b924e845a15cc353d2db) Importer(815301076,1909f56bfc062723c751e8b465ee728b)  -> (artifact id: '3c312e41e3e6d74db865aff4200950eb') in 0.193410 seconds 
========================================================================
Received Import Request.
  Time since last request: 0.000263 seconds.
  path: Assets/Hand Painted Stone Texture/Material/Stone_mobile.mat
  artifactKey: Guid(094c835627124fe4bbbaa762d2240cb1) Importer(815301076,1909f56bfc062723c751e8b465ee728b)
Start importing Assets/Hand Painted Stone Texture/Material/Stone_mobile.mat using Guid(094c835627124fe4bbbaa762d2240cb1) Importer(815301076,1909f56bfc062723c751e8b465ee728b)  -> (artifact id: '1fc8d6af739045b2dba1c622d8e7d883') in 0.164226 seconds 
========================================================================
Received Import Request.
  Time since last request: 0.000668 seconds.
  path: Assets/Hand Painted Stone Texture/Texture/Stone_Height.png
  artifactKey: Guid(3c7a004c57c50734dbb1e28a97b82e5c) Importer(815301076,1909f56bfc062723c751e8b465ee728b)
Start importing Assets/Hand Painted Stone Texture/Texture/Stone_Height.png using Guid(3c7a004c57c50734dbb1e28a97b82e5c) Importer(815301076,1909f56bfc062723c751e8b465ee728b)  -> (artifact id: 'f3ab908c14bff84ed4d6bd2c1b75b9b9') in 0.042517 seconds 
========================================================================
Received Import Request.
  Time since last request: 0.000331 seconds.
  path: Assets/Hand Painted Stone Texture/Texture/Stone_Normal.png
  artifactKey: Guid(fff10447baa86b44aa549f50f310265a) Importer(815301076,1909f56bfc062723c751e8b465ee728b)
Start importing Assets/Hand Painted Stone Texture/Texture/Stone_Normal.png using Guid(fff10447baa86b44aa549f50f310265a) Importer(815301076,1909f56bfc062723c751e8b465ee728b)  -> (artifact id: '4d44152d50c1e9179914978ba4b35f88') in 0.089514 seconds 
========================================================================
Received Import Request.
  Time since last request: 0.000300 seconds.
  path: Assets/Hand Painted Stone Texture/Texture/Stone_Ambient_Occlusion.png
  artifactKey: Guid(2ea2b4b58caf5a442bd2bcf1d75e725d) Importer(815301076,1909f56bfc062723c751e8b465ee728b)
Start importing Assets/Hand Painted Stone Texture/Texture/Stone_Ambient_Occlusion.png using Guid(2ea2b4b58caf5a442bd2bcf1d75e725d) Importer(815301076,1909f56bfc062723c751e8b465ee728b)  -> (artifact id: '0ed63fd352250ef7fa85ed24b537d539') in 0.051545 seconds 
========================================================================
Received Import Request.
  Time since last request: 0.000277 seconds.
  path: Assets/Hand Painted Stone Texture/Texture/Stone_Roughness.png
  artifactKey: Guid(7bd79b1b559c13c4ea25e26930a8d68f) Importer(815301076,1909f56bfc062723c751e8b465ee728b)
Start importing Assets/Hand Painted Stone Texture/Texture/Stone_Roughness.png using Guid(7bd79b1b559c13c4ea25e26930a8d68f) Importer(815301076,1909f56bfc062723c751e8b465ee728b)  -> (artifact id: '45f79f3b8faf33efc396e1ac0c7290a4') in 0.056562 seconds 
========================================================================
Received Import Request.
  Time since last request: 0.000362 seconds.
  path: Assets/Hand Painted Stone Texture/Material/Stone_normal.mat
  artifactKey: Guid(5f73475cf0cad364b9800b85c2a229fc) Importer(815301076,1909f56bfc062723c751e8b465ee728b)
Start importing Assets/Hand Painted Stone Texture/Material/Stone_normal.mat using Guid(5f73475cf0cad364b9800b85c2a229fc) Importer(815301076,1909f56bfc062723c751e8b465ee728b)  -> (artifact id: '1550259475fd36435abc3ab02ba6bbd9') in 0.096132 seconds 
========================================================================
Received Import Request.
  Time since last request: 1255.220382 seconds.
  path: Assets/TopDown_AI/Sprites/handgun/shoot
  artifactKey: Guid(fd138ff5da8aecb469ec075d8514a10d) Importer(815301076,1909f56bfc062723c751e8b465ee728b)
Start importing Assets/TopDown_AI/Sprites/handgun/shoot using Guid(fd138ff5da8aecb469ec075d8514a10d) Importer(815301076,1909f56bfc062723c751e8b465ee728b)  -> (artifact id: 'f36514a3c2be41e2f24d473171ac2b69') in 0.024459 seconds 
========================================================================
Received Import Request.
  Time since last request: 0.072623 seconds.
  path: Assets/TopDown_AI/Sprites/handgun/shoot/survivor-shoot_handgun_0.png
  artifactKey: Guid(968c5256949c8b3459677deaf2256109) Importer(815301076,1909f56bfc062723c751e8b465ee728b)
Start importing Assets/TopDown_AI/Sprites/handgun/shoot/survivor-shoot_handgun_0.png using Guid(968c5256949c8b3459677deaf2256109) Importer(815301076,1909f56bfc062723c751e8b465ee728b)  -> (artifact id: '4abcc8057f57b40ac2f82e56a44ea650') in 0.045432 seconds 
========================================================================
Received Import Request.
  Time since last request: 0.000291 seconds.
  path: Assets/TopDown_AI/Sprites/handgun/shoot/survivor-shoot_handgun_1.png
  artifactKey: Guid(f4d8902c45305c14f8f1bd8eac38e308) Importer(815301076,1909f56bfc062723c751e8b465ee728b)
Start importing Assets/TopDown_AI/Sprites/handgun/shoot/survivor-shoot_handgun_1.png using Guid(f4d8902c45305c14f8f1bd8eac38e308) Importer(815301076,1909f56bfc062723c751e8b465ee728b)  -> (artifact id: 'c0291a0139fa0b1453a7b11557c2449b') in 0.076581 seconds 
========================================================================
Received Import Request.
  Time since last request: 0.000196 seconds.
  path: Assets/TopDown_AI/Sprites/handgun/shoot/survivor-shoot_handgun_2.png
  artifactKey: Guid(14c63e6fa200b5c45aeabd0e45ef0334) Importer(815301076,1909f56bfc062723c751e8b465ee728b)
Start importing Assets/TopDown_AI/Sprites/handgun/shoot/survivor-shoot_handgun_2.png using Guid(14c63e6fa200b5c45aeabd0e45ef0334) Importer(815301076,1909f56bfc062723c751e8b465ee728b)  -> (artifact id: '488ce4c2761874c9612c8665054a78f3') in 0.081918 seconds 
========================================================================
Received Prepare
Registering precompiled user dll's ...
Registered in 0.015960 seconds.
Begin MonoManager ReloadAssembly
Native extension for WindowsStandalone target not found
Refreshing native plugins compatible for Editor in 1.10 ms, found 1 plugins.
Preloading 0 native plugins for Editor in 0.00 ms.
Mono: successfully reloaded assembly
- Completed reload, in  1.657 seconds
Platform modules already initialized, skipping
Refreshing native plugins compatible for Editor in 1.38 ms, found 1 plugins.
Preloading 0 native plugins for Editor in 0.00 ms.
Unloading 3108 Unused Serialized files (Serialized files now loaded: 0)
System memory in use before: 135.1 MB.
System memory in use after: 135.3 MB.

Unloading 34 unused Assets to reduce memory usage. Loaded Objects now: 3709.
Total: 6.060800 ms (FindLiveObjects: 0.686900 ms CreateObjectMapping: 0.411300 ms MarkObjects: 4.873400 ms  DeleteObjects: 0.086400 ms)

========================================================================
Received Import Request.
  Time since last request: 455.006354 seconds.
  path: Assets/TopDown_AI/Materials
  artifactKey: Guid(5b170e4eeda13624f95960707b736f1b) Importer(815301076,1909f56bfc062723c751e8b465ee728b)
Start importing Assets/TopDown_AI/Materials using Guid(5b170e4eeda13624f95960707b736f1b) Importer(815301076,1909f56bfc062723c751e8b465ee728b)  -> (artifact id: '891b00319d1ea32149dd02be8b0240d4') in 0.036259 seconds 
========================================================================
Received Import Request.
  Time since last request: 0.001994 seconds.
  path: Assets/TopDown_AI/Materials/Background.mat
  artifactKey: Guid(85b7099d74cb84142a85603fdda881d6) Importer(815301076,1909f56bfc062723c751e8b465ee728b)
Start importing Assets/TopDown_AI/Materials/Background.mat using Guid(85b7099d74cb84142a85603fdda881d6) Importer(815301076,1909f56bfc062723c751e8b465ee728b)  -> (artifact id: '2c76994c962a95d4c9597ccffb427dd0') in 0.151916 seconds 
========================================================================
Received Import Request.
  Time since last request: 0.000278 seconds.
  path: Assets/TopDown_AI/Materials/BulletMaterial.mat
  artifactKey: Guid(0dcc393c70397f24aaaf60d01c9efcf3) Importer(815301076,1909f56bfc062723c751e8b465ee728b)
Start importing Assets/TopDown_AI/Materials/BulletMaterial.mat using Guid(0dcc393c70397f24aaaf60d01c9efcf3) Importer(815301076,1909f56bfc062723c751e8b465ee728b)  -> (artifact id: '1097621bea78dc0c938b661aeb036fa9') in 0.085750 seconds 
========================================================================
Received Import Request.
  Time since last request: 0.000563 seconds.
  path: Assets/TopDown_AI/Materials/Background_Back.mat
  artifactKey: Guid(7ca1b740a01b8364480032743663795a) Importer(815301076,1909f56bfc062723c751e8b465ee728b)
Start importing Assets/TopDown_AI/Materials/Background_Back.mat using Guid(7ca1b740a01b8364480032743663795a) Importer(815301076,1909f56bfc062723c751e8b465ee728b)  -> (artifact id: '5b064d96f8e73a7ffc829ca1fc5ed1a3') in 0.035803 seconds 
========================================================================
Received Import Request.
  Time since last request: 0.000584 seconds.
  path: Assets/TopDown_AI/Materials/SolidWhite_Big.mat
  artifactKey: Guid(972fcc6be98a2e44f80812f672428f00) Importer(815301076,1909f56bfc062723c751e8b465ee728b)
Start importing Assets/TopDown_AI/Materials/SolidWhite_Big.mat using Guid(972fcc6be98a2e44f80812f672428f00) Importer(815301076,1909f56bfc062723c751e8b465ee728b)  -> (artifact id: 'e0fb5b5e666cbf108fba7c7c39c0a465') in 0.050752 seconds 
========================================================================
Received Import Request.
  Time since last request: 0.000309 seconds.
  path: Assets/TopDown_AI/Materials/TrailMaterial.mat
  artifactKey: Guid(d25ffa6f170605d4ba0781cf131df97d) Importer(815301076,1909f56bfc062723c751e8b465ee728b)
Start importing Assets/TopDown_AI/Materials/TrailMaterial.mat using Guid(d25ffa6f170605d4ba0781cf131df97d) Importer(815301076,1909f56bfc062723c751e8b465ee728b)  -> (artifact id: '052f663b81f96ad8e391605ac7f9bfa0') in 0.093653 seconds 
========================================================================
Received Import Request.
  Time since last request: 0.000232 seconds.
  path: Assets/TopDown_AI/Materials/FOVMaterial.mat
  artifactKey: Guid(3a003d3c913e5d2498da8502b8a57dd3) Importer(815301076,1909f56bfc062723c751e8b465ee728b)
Start importing Assets/TopDown_AI/Materials/FOVMaterial.mat using Guid(3a003d3c913e5d2498da8502b8a57dd3) Importer(815301076,1909f56bfc062723c751e8b465ee728b)  -> (artifact id: '437e58631f378bfa81c3bccd56c2d1bb') in 0.035863 seconds 
========================================================================
Received Import Request.
  Time since last request: 0.000852 seconds.
  path: Assets/TopDown_AI/Materials/BloodParticleMaterial.mat
  artifactKey: Guid(b1ce3126fa175844386eaddeec1da051) Importer(815301076,1909f56bfc062723c751e8b465ee728b)
Start importing Assets/TopDown_AI/Materials/BloodParticleMaterial.mat using Guid(b1ce3126fa175844386eaddeec1da051) Importer(815301076,1909f56bfc062723c751e8b465ee728b)  -> (artifact id: '0bfdd082c508f012e7cffd78ee02c1ec') in 0.082274 seconds 
========================================================================
Received Import Request.
  Time since last request: 0.000358 seconds.
  path: Assets/TopDown_AI/Materials/WorldModelMaterial.mat
  artifactKey: Guid(9b3b20984e136664da17fddea2f32203) Importer(815301076,1909f56bfc062723c751e8b465ee728b)
Start importing Assets/TopDown_AI/Materials/WorldModelMaterial.mat using Guid(9b3b20984e136664da17fddea2f32203) Importer(815301076,1909f56bfc062723c751e8b465ee728b)  -> (artifact id: '6c400ff0fc6e2269c8dbb4f48318406e') in 0.038131 seconds 
========================================================================
Received Import Request.
  Time since last request: 31.781643 seconds.
  path: Assets/Dimensional Developer/Resources/Tank Builder/Sprites/Vent.png
  artifactKey: Guid(b7db1a8d28a8dcf428f5d438ba6ce7bc) Importer(815301076,1909f56bfc062723c751e8b465ee728b)
Start importing Assets/Dimensional Developer/Resources/Tank Builder/Sprites/Vent.png using Guid(b7db1a8d28a8dcf428f5d438ba6ce7bc) Importer(815301076,1909f56bfc062723c751e8b465ee728b)  -> (artifact id: '767277699a7ce3753e2c086d0eba4c88') in 0.095601 seconds 
========================================================================
Received Import Request.
  Time since last request: 0.000669 seconds.
  path: Assets/Dimensional Developer/Resources/Tank Builder/Sprites/Window.png
  artifactKey: Guid(45faa113b606e0d42975a1ff1b25b934) Importer(815301076,1909f56bfc062723c751e8b465ee728b)
Start importing Assets/Dimensional Developer/Resources/Tank Builder/Sprites/Window.png using Guid(45faa113b606e0d42975a1ff1b25b934) Importer(815301076,1909f56bfc062723c751e8b465ee728b)  -> (artifact id: '3a4f87831527f0d507abba1ea40f4e59') in 0.042891 seconds 
========================================================================
Received Import Request.
  Time since last request: 5.173289 seconds.
  path: Assets/Dimensional Developer/Resources/Tank Builder/Sprites/Boxes/Circuit Box.png
  artifactKey: Guid(2cd084e30b466354a94adb7f124b995f) Importer(815301076,1909f56bfc062723c751e8b465ee728b)
Start importing Assets/Dimensional Developer/Resources/Tank Builder/Sprites/Boxes/Circuit Box.png using Guid(2cd084e30b466354a94adb7f124b995f) Importer(815301076,1909f56bfc062723c751e8b465ee728b)  -> (artifact id: 'd166df1b3ebda2c26f1fa5f1c8c6590a') in 0.040723 seconds 
========================================================================
Received Import Request.
  Time since last request: 0.000326 seconds.
  path: Assets/Dimensional Developer/Resources/Tank Builder/Sprites/Boxes/Electricals Box.png
  artifactKey: Guid(194f1d2d692cef547a81b45c5ca0824e) Importer(815301076,1909f56bfc062723c751e8b465ee728b)
Start importing Assets/Dimensional Developer/Resources/Tank Builder/Sprites/Boxes/Electricals Box.png using Guid(194f1d2d692cef547a81b45c5ca0824e) Importer(815301076,1909f56bfc062723c751e8b465ee728b)  -> (artifact id: '541f39f3f6e377f2f0894fa889d5f7ea') in 0.041714 seconds 
========================================================================
Received Import Request.
  Time since last request: 0.000324 seconds.
  path: Assets/Dimensional Developer/Resources/Tank Builder/Sprites/Boxes/Handles.png
  artifactKey: Guid(fc99f96eea143f44fb1cab7eaa963796) Importer(815301076,1909f56bfc062723c751e8b465ee728b)
Start importing Assets/Dimensional Developer/Resources/Tank Builder/Sprites/Boxes/Handles.png using Guid(fc99f96eea143f44fb1cab7eaa963796) Importer(815301076,1909f56bfc062723c751e8b465ee728b)  -> (artifact id: '395f4c5b651b033e00094464c643db6b') in 0.047436 seconds 
========================================================================
Received Import Request.
  Time since last request: 0.000377 seconds.
  path: Assets/Dimensional Developer/Resources/Tank Builder/Sprites/Boxes/Sealed Box.png
  artifactKey: Guid(ba3384400bbe60649b23145058a6ef4c) Importer(815301076,1909f56bfc062723c751e8b465ee728b)
Start importing Assets/Dimensional Developer/Resources/Tank Builder/Sprites/Boxes/Sealed Box.png using Guid(ba3384400bbe60649b23145058a6ef4c) Importer(815301076,1909f56bfc062723c751e8b465ee728b)  -> (artifact id: 'b1771ad94048381a7660caa12f134178') in 0.063329 seconds 
========================================================================
Received Import Request.
  Time since last request: 1.049355 seconds.
  path: Assets/Dimensional Developer/Resources/Tank Builder/Sprites/Cannon/___Cannon PSD___.psd
  artifactKey: Guid(1ae4f610f134b9c439c266810e18c4e8) Importer(815301076,1909f56bfc062723c751e8b465ee728b)
Start importing Assets/Dimensional Developer/Resources/Tank Builder/Sprites/Cannon/___Cannon PSD___.psd using Guid(1ae4f610f134b9c439c266810e18c4e8) Importer(815301076,1909f56bfc062723c751e8b465ee728b)  -> (artifact id: 'ca4d975e90fafdfd2e193ba657e4bf63') in 0.104079 seconds 
========================================================================
Received Import Request.
  Time since last request: 0.000355 seconds.
  path: Assets/Dimensional Developer/Resources/Tank Builder/Sprites/Cannon/BaseSideVent.png
  artifactKey: Guid(4ab1a8ac48591924f8efe29340dd9d5b) Importer(815301076,1909f56bfc062723c751e8b465ee728b)
Start importing Assets/Dimensional Developer/Resources/Tank Builder/Sprites/Cannon/BaseSideVent.png using Guid(4ab1a8ac48591924f8efe29340dd9d5b) Importer(815301076,1909f56bfc062723c751e8b465ee728b)  -> (artifact id: '76831c941fff8eb801517b7dd50280b6') in 0.038561 seconds 
========================================================================
Received Import Request.
  Time since last request: 0.000389 seconds.
  path: Assets/Dimensional Developer/Resources/Tank Builder/Sprites/Cannon/Cannon.png
  artifactKey: Guid(3ba519f0972e52f4fb22ed5adba18f08) Importer(815301076,1909f56bfc062723c751e8b465ee728b)
Start importing Assets/Dimensional Developer/Resources/Tank Builder/Sprites/Cannon/Cannon.png using Guid(3ba519f0972e52f4fb22ed5adba18f08) Importer(815301076,1909f56bfc062723c751e8b465ee728b)  -> (artifact id: '8319f3f38e36515e169e83ddd5489b3b') in 0.058644 seconds 
========================================================================
Received Import Request.
  Time since last request: 0.000608 seconds.
  path: Assets/Dimensional Developer/Resources/Tank Builder/Sprites/Cannon/Base.png
  artifactKey: Guid(5be8a9412e1da00429aa7e099e9297ff) Importer(815301076,1909f56bfc062723c751e8b465ee728b)
Start importing Assets/Dimensional Developer/Resources/Tank Builder/Sprites/Cannon/Base.png using Guid(5be8a9412e1da00429aa7e099e9297ff) Importer(815301076,1909f56bfc062723c751e8b465ee728b)  -> (artifact id: 'b2f7921229b224a2d22e8d047f344413') in 0.054255 seconds 
========================================================================
Received Import Request.
  Time since last request: 0.000567 seconds.
  path: Assets/Dimensional Developer/Resources/Tank Builder/Sprites/Cannon/BaseVent.png
  artifactKey: Guid(c0a7d294efd6b374b91035aa89b493ef) Importer(815301076,1909f56bfc062723c751e8b465ee728b)
Start importing Assets/Dimensional Developer/Resources/Tank Builder/Sprites/Cannon/BaseVent.png using Guid(c0a7d294efd6b374b91035aa89b493ef) Importer(815301076,1909f56bfc062723c751e8b465ee728b)  -> (artifact id: 'f11ccb2b011ca419e50abf462366d5ee') in 0.048727 seconds 
========================================================================
Received Import Request.
  Time since last request: 0.000582 seconds.
  path: Assets/Dimensional Developer/Resources/Tank Builder/Sprites/Cannon/BaseSides.png
  artifactKey: Guid(72a50e0d039625a4e99f7dbaf4096855) Importer(815301076,1909f56bfc062723c751e8b465ee728b)
Start importing Assets/Dimensional Developer/Resources/Tank Builder/Sprites/Cannon/BaseSides.png using Guid(72a50e0d039625a4e99f7dbaf4096855) Importer(815301076,1909f56bfc062723c751e8b465ee728b)  -> (artifact id: '66750a39378b791d926c580c7b6e5e76') in 0.052200 seconds 
========================================================================
Received Import Request.
  Time since last request: 3.136861 seconds.
  path: Assets/Dimensional Developer/Resources/Tank Builder/Sprites/Containers/Container 1.png
  artifactKey: Guid(6dbd481c75bb4f341b90f81276ce74eb) Importer(815301076,1909f56bfc062723c751e8b465ee728b)
Start importing Assets/Dimensional Developer/Resources/Tank Builder/Sprites/Containers/Container 1.png using Guid(6dbd481c75bb4f341b90f81276ce74eb) Importer(815301076,1909f56bfc062723c751e8b465ee728b)  -> (artifact id: 'e0f98f7eab2f15a1cc4ca25708a47191') in 0.043973 seconds 
========================================================================
Received Import Request.
  Time since last request: 0.000328 seconds.
  path: Assets/Dimensional Developer/Resources/Tank Builder/Sprites/Containers/Storage Container.png
  artifactKey: Guid(7bbaa9cdd64b93041b51f0629e351262) Importer(815301076,1909f56bfc062723c751e8b465ee728b)
Start importing Assets/Dimensional Developer/Resources/Tank Builder/Sprites/Containers/Storage Container.png using Guid(7bbaa9cdd64b93041b51f0629e351262) Importer(815301076,1909f56bfc062723c751e8b465ee728b)  -> (artifact id: 'eb93a56a47b6436526969f6d0d194807') in 0.044702 seconds 
========================================================================
Received Import Request.
  Time since last request: 0.000373 seconds.
  path: Assets/Dimensional Developer/Resources/Tank Builder/Sprites/Containers/Container 2.png
  artifactKey: Guid(fb064631ce7eb3042adc4e163955247a) Importer(815301076,1909f56bfc062723c751e8b465ee728b)
Start importing Assets/Dimensional Developer/Resources/Tank Builder/Sprites/Containers/Container 2.png using Guid(fb064631ce7eb3042adc4e163955247a) Importer(815301076,1909f56bfc062723c751e8b465ee728b)  -> (artifact id: '27cede66a76b23b365b88b7636182825') in 0.046816 seconds 
========================================================================
Received Import Request.
  Time since last request: 0.918065 seconds.
  path: Assets/Dimensional Developer/Resources/Tank Builder/Sprites/Design Tags/Left Cut.png
  artifactKey: Guid(6629389615d18054681d293ef308a31a) Importer(815301076,1909f56bfc062723c751e8b465ee728b)
Start importing Assets/Dimensional Developer/Resources/Tank Builder/Sprites/Design Tags/Left Cut.png using Guid(6629389615d18054681d293ef308a31a) Importer(815301076,1909f56bfc062723c751e8b465ee728b)  -> (artifact id: '85ea46ad160644df4e92cb56c981645a') in 0.044408 seconds 
========================================================================
Received Import Request.
  Time since last request: 0.000411 seconds.
  path: Assets/Dimensional Developer/Resources/Tank Builder/Sprites/Design Tags/Right Cut.png
  artifactKey: Guid(a3d00c10fd081964e9a2b6732331ce13) Importer(815301076,1909f56bfc062723c751e8b465ee728b)
Start importing Assets/Dimensional Developer/Resources/Tank Builder/Sprites/Design Tags/Right Cut.png using Guid(a3d00c10fd081964e9a2b6732331ce13) Importer(815301076,1909f56bfc062723c751e8b465ee728b)  -> (artifact id: '6cd88dd2becc0614ca83aa4b320fa896') in 0.042077 seconds 
========================================================================
Received Import Request.
  Time since last request: 1.352049 seconds.
  path: Assets/Dimensional Developer/Resources/Tank Builder/Sprites/Doors/Hatch.png
  artifactKey: Guid(8f6303e09c58e1b419ed106aecb4b4ba) Importer(815301076,1909f56bfc062723c751e8b465ee728b)
Start importing Assets/Dimensional Developer/Resources/Tank Builder/Sprites/Doors/Hatch.png using Guid(8f6303e09c58e1b419ed106aecb4b4ba) Importer(815301076,1909f56bfc062723c751e8b465ee728b)  -> (artifact id: '737e9e290c1a2686e0e6664de5431aca') in 0.055509 seconds 
========================================================================
Received Import Request.
  Time since last request: 0.000330 seconds.
  path: Assets/Dimensional Developer/Resources/Tank Builder/Sprites/Doors/Left Door.png
  artifactKey: Guid(ad7b4bf9cd8f060479a4f74dae54cdf1) Importer(815301076,1909f56bfc062723c751e8b465ee728b)
Start importing Assets/Dimensional Developer/Resources/Tank Builder/Sprites/Doors/Left Door.png using Guid(ad7b4bf9cd8f060479a4f74dae54cdf1) Importer(815301076,1909f56bfc062723c751e8b465ee728b)  -> (artifact id: '1e5357687448d30930e6eced04939538') in 0.042378 seconds 
========================================================================
Received Import Request.
  Time since last request: 0.000405 seconds.
  path: Assets/Dimensional Developer/Resources/Tank Builder/Sprites/Doors/Right Door.png
  artifactKey: Guid(a6cd111abfca69547a27259cf01c6c2b) Importer(815301076,1909f56bfc062723c751e8b465ee728b)
Start importing Assets/Dimensional Developer/Resources/Tank Builder/Sprites/Doors/Right Door.png using Guid(a6cd111abfca69547a27259cf01c6c2b) Importer(815301076,1909f56bfc062723c751e8b465ee728b)  -> (artifact id: '391076819ea1e111b68226683754601f') in 0.071819 seconds 
========================================================================
Received Import Request.
  Time since last request: 0.793331 seconds.
  path: Assets/Dimensional Developer/Resources/Tank Builder/Sprites/Extra/Bar.png
  artifactKey: Guid(315d0ce4078205f4c9b7dc6101214662) Importer(815301076,1909f56bfc062723c751e8b465ee728b)
Start importing Assets/Dimensional Developer/Resources/Tank Builder/Sprites/Extra/Bar.png using Guid(315d0ce4078205f4c9b7dc6101214662) Importer(815301076,1909f56bfc062723c751e8b465ee728b)  -> (artifact id: '063eb9c66491bc5355c7c1f531f3ab46') in 0.050903 seconds 
========================================================================
Received Import Request.
  Time since last request: 0.000899 seconds.
  path: Assets/Dimensional Developer/Resources/Tank Builder/Sprites/Extra/Gun.png
  artifactKey: Guid(cb15c62738df15f4da944289e981ba74) Importer(815301076,1909f56bfc062723c751e8b465ee728b)
Start importing Assets/Dimensional Developer/Resources/Tank Builder/Sprites/Extra/Gun.png using Guid(cb15c62738df15f4da944289e981ba74) Importer(815301076,1909f56bfc062723c751e8b465ee728b)  -> (artifact id: '9cb34d287422cdd93c683c8d158f3a22') in 0.067491 seconds 
========================================================================
Received Import Request.
  Time since last request: 1.233400 seconds.
  path: Assets/Dimensional Developer/Resources/Tank Builder/Sprites/Hull/___Hull PSD___.psd
  artifactKey: Guid(23486bda964fabd4da4fab5d722771bb) Importer(815301076,1909f56bfc062723c751e8b465ee728b)
Start importing Assets/Dimensional Developer/Resources/Tank Builder/Sprites/Hull/___Hull PSD___.psd using Guid(23486bda964fabd4da4fab5d722771bb) Importer(815301076,1909f56bfc062723c751e8b465ee728b)  -> (artifact id: 'd724206d05872fa8e1e8d61657671cbc') in 0.049149 seconds 
========================================================================
Received Import Request.
  Time since last request: 0.000461 seconds.
  path: Assets/Dimensional Developer/Resources/Tank Builder/Sprites/Hull/Additional Color.png
  artifactKey: Guid(03b015006d3905941999d107ed39ff6d) Importer(815301076,1909f56bfc062723c751e8b465ee728b)
Start importing Assets/Dimensional Developer/Resources/Tank Builder/Sprites/Hull/Additional Color.png using Guid(03b015006d3905941999d107ed39ff6d) Importer(815301076,1909f56bfc062723c751e8b465ee728b)  -> (artifact id: 'b32a8d5f2b9515af29f5d2918b1810ef') in 0.103175 seconds 
========================================================================
Received Import Request.
  Time since last request: 0.000772 seconds.
  path: Assets/Dimensional Developer/Resources/Tank Builder/Sprites/Hull/Shadows.png
  artifactKey: Guid(71913a2a3274d2a4ba335915af237dc6) Importer(815301076,1909f56bfc062723c751e8b465ee728b)
Start importing Assets/Dimensional Developer/Resources/Tank Builder/Sprites/Hull/Shadows.png using Guid(71913a2a3274d2a4ba335915af237dc6) Importer(815301076,1909f56bfc062723c751e8b465ee728b)  -> (artifact id: '01493a9e698d33ed6eeb041f66b3a9d6') in 0.108293 seconds 
========================================================================
Received Import Request.
  Time since last request: 0.000380 seconds.
  path: Assets/Dimensional Developer/Resources/Tank Builder/Sprites/Hull/Hull.png
  artifactKey: Guid(aa1017bf8c6164842acb5c0edec51a05) Importer(815301076,1909f56bfc062723c751e8b465ee728b)
Start importing Assets/Dimensional Developer/Resources/Tank Builder/Sprites/Hull/Hull.png using Guid(aa1017bf8c6164842acb5c0edec51a05) Importer(815301076,1909f56bfc062723c751e8b465ee728b)  -> (artifact id: '5f405d9ab2ba4a1caa3e89e3b028ae35') in 0.117671 seconds 
========================================================================
Received Import Request.
  Time since last request: 17.963574 seconds.
  path: Assets/Hand Painted Stone Texture/Texture/Materials/Stone_Base_Color.mat
  artifactKey: Guid(2fb0c68ef62d4bc46a2e0c7d6d8fd6fd) Importer(815301076,1909f56bfc062723c751e8b465ee728b)
Start importing Assets/Hand Painted Stone Texture/Texture/Materials/Stone_Base_Color.mat using Guid(2fb0c68ef62d4bc46a2e0c7d6d8fd6fd) Importer(815301076,1909f56bfc062723c751e8b465ee728b)  -> (artifact id: '02c90ae2b386d81ed98d86251714318a') in 0.072776 seconds 
========================================================================
Received Import Request.
  Time since last request: 0.000681 seconds.
  path: Assets/Hand Painted Stone Texture/Texture/Materials/Stone_Height.mat
  artifactKey: Guid(988d9507b65d53f48ab81db261a0f7e1) Importer(815301076,1909f56bfc062723c751e8b465ee728b)
Start importing Assets/Hand Painted Stone Texture/Texture/Materials/Stone_Height.mat using Guid(988d9507b65d53f48ab81db261a0f7e1) Importer(815301076,1909f56bfc062723c751e8b465ee728b)  -> (artifact id: '84daafb7260bdcade8c1aad7c3302b9d') in 0.058515 seconds 
========================================================================
Received Import Request.
  Time since last request: 0.000488 seconds.
  path: Assets/Hand Painted Stone Texture/Texture/Materials/Stone_Normal.mat
  artifactKey: Guid(dd250791e74c4834f90f1ab63f7ff1ab) Importer(815301076,1909f56bfc062723c751e8b465ee728b)
Start importing Assets/Hand Painted Stone Texture/Texture/Materials/Stone_Normal.mat using Guid(dd250791e74c4834f90f1ab63f7ff1ab) Importer(815301076,1909f56bfc062723c751e8b465ee728b)  -> (artifact id: 'd1c47c785b909a5a6a6f825d362f8e03') in 0.053905 seconds 
========================================================================
Received Import Request.
  Time since last request: 0.000995 seconds.
  path: Assets/Hand Painted Stone Texture/Texture/Materials/Stone_Roughness.mat
  artifactKey: Guid(c5e6818f01c347547a54f166d49cff1c) Importer(815301076,1909f56bfc062723c751e8b465ee728b)
Start importing Assets/Hand Painted Stone Texture/Texture/Materials/Stone_Roughness.mat using Guid(c5e6818f01c347547a54f166d49cff1c) Importer(815301076,1909f56bfc062723c751e8b465ee728b)  -> (artifact id: 'fba9478bef25a0b6ca377257cfab4d06') in 0.056679 seconds 
========================================================================
Received Import Request.
  Time since last request: 13.248021 seconds.
  path: Assets/TileableBricksWall/Materials/Bricks_01_mat.mat
  artifactKey: Guid(3abf473d50106f44c9611c2c76fd9a91) Importer(815301076,1909f56bfc062723c751e8b465ee728b)
Start importing Assets/TileableBricksWall/Materials/Bricks_01_mat.mat using Guid(3abf473d50106f44c9611c2c76fd9a91) Importer(815301076,1909f56bfc062723c751e8b465ee728b)  -> (artifact id: '79fbe48978d8899b42d42a69c6130730') in 0.401386 seconds 
========================================================================
Received Import Request.
  Time since last request: 0.000714 seconds.
  path: Assets/TileableBricksWall/Materials/Bricks_01_mat2.mat
  artifactKey: Guid(333a08b54ec5eec4f84f74d910ad751e) Importer(815301076,1909f56bfc062723c751e8b465ee728b)
Start importing Assets/TileableBricksWall/Materials/Bricks_01_mat2.mat using Guid(333a08b54ec5eec4f84f74d910ad751e) Importer(815301076,1909f56bfc062723c751e8b465ee728b)  -> (artifact id: '4bf74127c9d0c709a5c6b2926656141e') in 0.667264 seconds 
========================================================================
Received Import Request.
  Time since last request: 14.916723 seconds.
  path: Assets/TopDown_AI/Sprites/handgun/shoot/Materials
  artifactKey: Guid(3650ece3a072ee34db63234f91a55c6a) Importer(815301076,1909f56bfc062723c751e8b465ee728b)
Start importing Assets/TopDown_AI/Sprites/handgun/shoot/Materials using Guid(3650ece3a072ee34db63234f91a55c6a) Importer(815301076,1909f56bfc062723c751e8b465ee728b)  -> (artifact id: '96283cfa6a9ff333b93470e26bbacd18') in 0.003735 seconds 
========================================================================
Received Import Request.
  Time since last request: 0.119344 seconds.
  path: Assets/TopDown_AI/Sprites/handgun/shoot/Materials/survivor-shoot_handgun_0.mat
  artifactKey: Guid(d557b46df2b1bed40adb4fe8cc3aec40) Importer(815301076,1909f56bfc062723c751e8b465ee728b)
Start importing Assets/TopDown_AI/Sprites/handgun/shoot/Materials/survivor-shoot_handgun_0.mat using Guid(d557b46df2b1bed40adb4fe8cc3aec40) Importer(815301076,1909f56bfc062723c751e8b465ee728b)  -> (artifact id: '1a1759aded1fafd2a4a6dc1eea4ea644') in 0.022601 seconds 
========================================================================
Received Import Request.
  Time since last request: 0.000529 seconds.
  path: Assets/TopDown_AI/Sprites/handgun/shoot/Materials/survivor-shoot_handgun_1.mat
  artifactKey: Guid(25db9263e8eb80244af5b10a0ff2277d) Importer(815301076,1909f56bfc062723c751e8b465ee728b)
Start importing Assets/TopDown_AI/Sprites/handgun/shoot/Materials/survivor-shoot_handgun_1.mat using Guid(25db9263e8eb80244af5b10a0ff2277d) Importer(815301076,1909f56bfc062723c751e8b465ee728b)  -> (artifact id: '834678554a42b390150f0f368d8c2d76') in 0.021028 seconds 
========================================================================
Received Import Request.
  Time since last request: 279.607305 seconds.
  path: Assets/TopDown_AI/Sprites/handgun/shoot/Materials/NewBehaviourScript.cs
  artifactKey: Guid(4031c1ce0ad91584fb83cc9e7df8fb30) Importer(815301076,1909f56bfc062723c751e8b465ee728b)
Start importing Assets/TopDown_AI/Sprites/handgun/shoot/Materials/NewBehaviourScript.cs using Guid(4031c1ce0ad91584fb83cc9e7df8fb30) Importer(815301076,1909f56bfc062723c751e8b465ee728b)  -> (artifact id: 'efd4488df9757b645ffde0f9aa3ebabb') in 0.039053 seconds 
========================================================================
Received Prepare
Registering precompiled user dll's ...
Registered in 0.042978 seconds.
Begin MonoManager ReloadAssembly
Native extension for WindowsStandalone target not found
Refreshing native plugins compatible for Editor in 11.31 ms, found 1 plugins.
Preloading 0 native plugins for Editor in 0.00 ms.
Mono: successfully reloaded assembly
- Completed reload, in 12.096 seconds
Platform modules already initialized, skipping
Refreshing native plugins compatible for Editor in 3.84 ms, found 1 plugins.
Preloading 0 native plugins for Editor in 0.00 ms.
Unloading 3127 Unused Serialized files (Serialized files now loaded: 0)
System memory in use before: 228.5 MB.
System memory in use after: 228.7 MB.

Unloading 34 unused Assets to reduce memory usage. Loaded Objects now: 4150.
Total: 19.969400 ms (FindLiveObjects: 5.024600 ms CreateObjectMapping: 4.039800 ms MarkObjects: 10.719100 ms  DeleteObjects: 0.182100 ms)

========================================================================
Received Prepare
Registering precompiled user dll's ...
Registered in 0.011581 seconds.
Begin MonoManager ReloadAssembly
Native extension for WindowsStandalone target not found
Refreshing native plugins compatible for Editor in 1.45 ms, found 1 plugins.
Preloading 0 native plugins for Editor in 0.00 ms.
Mono: successfully reloaded assembly
- Completed reload, in  2.736 seconds
Platform modules already initialized, skipping
Refreshing native plugins compatible for Editor in 3.79 ms, found 1 plugins.
Preloading 0 native plugins for Editor in 0.00 ms.
Unloading 3101 Unused Serialized files (Serialized files now loaded: 0)
System memory in use before: 227.5 MB.
System memory in use after: 227.7 MB.

Unloading 34 unused Assets to reduce memory usage. Loaded Objects now: 4153.
Total: 10.371200 ms (FindLiveObjects: 0.965500 ms CreateObjectMapping: 0.585700 ms MarkObjects: 8.269100 ms  DeleteObjects: 0.545500 ms)

========================================================================
Received Import Request.
  Time since last request: 451.519053 seconds.
  path: Assets/New Terrain.asset
  artifactKey: Guid(445a7dda139198f4bb1853cbecb09b3f) Importer(815301076,1909f56bfc062723c751e8b465ee728b)
Start importing Assets/New Terrain.asset using Guid(445a7dda139198f4bb1853cbecb09b3f) Importer(815301076,1909f56bfc062723c751e8b465ee728b)  -> (artifact id: '1580127e63105bd137dc4e8bb838489e') in 0.035059 seconds 
========================================================================
Received Import Request.
  Time since last request: 12.922519 seconds.
  path: Assets/Player.cs
  artifactKey: Guid(cf0043bfde7280346a923d1f755b862d) Importer(815301076,1909f56bfc062723c751e8b465ee728b)
Start importing Assets/Player.cs using Guid(cf0043bfde7280346a923d1f755b862d) Importer(815301076,1909f56bfc062723c751e8b465ee728b)  -> (artifact id: 'e4d1d69ac89e331e26459c4ab30cf6a5') in 0.018366 seconds 
========================================================================
Received Prepare
Registering precompiled user dll's ...
Registered in 0.033534 seconds.
Begin MonoManager ReloadAssembly
Native extension for WindowsStandalone target not found
Refreshing native plugins compatible for Editor in 2.33 ms, found 1 plugins.
Preloading 0 native plugins for Editor in 0.00 ms.
Mono: successfully reloaded assembly
- Completed reload, in 10.970 seconds
Platform modules already initialized, skipping
Refreshing native plugins compatible for Editor in 2.16 ms, found 1 plugins.
Preloading 0 native plugins for Editor in 0.00 ms.
Unloading 3102 Unused Serialized files (Serialized files now loaded: 0)
System memory in use before: 227.6 MB.
System memory in use after: 227.8 MB.

Unloading 34 unused Assets to reduce memory usage. Loaded Objects now: 4157.
Total: 5.135200 ms (FindLiveObjects: 0.646200 ms CreateObjectMapping: 0.389900 ms MarkObjects: 3.990400 ms  DeleteObjects: 0.107100 ms)

AssetImportWorkerClient::OnTransportError - code=2 error=End of file
