Using pre-set license
Built from '2021.1/release' branch; Version is '2021.1.4f1 (4cd64a618c1b) revision 5035594'; Using compiler version '192528614'; Build Type 'Release'
OS: 'Windows 10 Education; OS build 19042.928; Version 2009; 64bit' Language: 'de' Physical Memory: 16296 MB
BatchMode: 1, IsHumanControllingUs: 0, StartBugReporterOnCrash: 0, Is64bit: 1, IsPro: 0

 COMMAND LINE ARGUMENTS:
C:\Program Files\Unity Hub\2021.1.4f1\Editor\Unity.exe
-adb2
-batchMode
-noUpm
-name
AssetImportWorker0
-projectPath
C:/Users/AbdullahOurfali/Desktop/TopDownShooter
-logFile
Logs/AssetImportWorker0.log
-srvPort
57774
Successfully changed project path to: C:/Users/AbdullahOurfali/Desktop/TopDownShooter
C:/Users/AbdullahOurfali/Desktop/TopDownShooter
Using Asset Import Pipeline V2.
Refreshing native plugins compatible for Editor in 72.85 ms, found 1 plugins.
Preloading 0 native plugins for Editor in 0.00 ms.
Initialize engine version: 2021.1.4f1 (4cd64a618c1b)
[Subsystems] Discovering subsystems at path C:/Program Files/Unity Hub/2021.1.4f1/Editor/Data/Resources/UnitySubsystems
[Subsystems] Discovering subsystems at path C:/Users/AbdullahOurfali/Desktop/TopDownShooter/Assets
GfxDevice: creating device client; threaded=0; jobified=0
Direct3D:
    Version:  Direct3D 11.0 [level 11.1]
    Renderer: NVIDIA GeForce RTX 3060 (ID=0x2503)
    Vendor:   NVIDIA
    VRAM:     12143 MB
    Driver:   27.21.14.7005
Initialize mono
Mono path[0] = 'C:/Program Files/Unity Hub/2021.1.4f1/Editor/Data/Managed'
Mono path[1] = 'C:/Program Files/Unity Hub/2021.1.4f1/Editor/Data/MonoBleedingEdge/lib/mono/unityjit'
Mono config path = 'C:/Program Files/Unity Hub/2021.1.4f1/Editor/Data/MonoBleedingEdge/etc'
Using monoOptions --debugger-agent=transport=dt_socket,embedding=1,server=y,suspend=n,address=127.0.0.1:56612
Begin MonoManager ReloadAssembly
Registering precompiled unity dll's ...
Register platform support module: C:/Program Files/Unity Hub/2021.1.4f1/Editor/Data/PlaybackEngines/WindowsStandaloneSupport/UnityEditor.WindowsStandalone.Extensions.dll
Registered in 0.001386 seconds.
Native extension for WindowsStandalone target not found
Refreshing native plugins compatible for Editor in 77.66 ms, found 1 plugins.
Preloading 0 native plugins for Editor in 0.00 ms.
Mono: successfully reloaded assembly
- Completed reload, in  1.026 seconds
Platform modules already initialized, skipping
Registering precompiled user dll's ...
Registered in 0.002704 seconds.
Begin MonoManager ReloadAssembly
Native extension for WindowsStandalone target not found
Refreshing native plugins compatible for Editor in 0.56 ms, found 1 plugins.
Preloading 0 native plugins for Editor in 0.00 ms.
Mono: successfully reloaded assembly
- Completed reload, in  0.899 seconds
Platform modules already initialized, skipping
========================================================================
Worker process is ready to serve import requests
Launched and connected shader compiler UnityShaderCompiler.exe after 0.03 seconds
Refreshing native plugins compatible for Editor in 0.52 ms, found 1 plugins.
Preloading 0 native plugins for Editor in 0.00 ms.
Unloading 2824 Unused Serialized files (Serialized files now loaded: 0)
System memory in use before: 103.5 MB.
System memory in use after: 103.7 MB.

Unloading 16 unused Assets to reduce memory usage. Loaded Objects now: 3275.
Total: 2.044400 ms (FindLiveObjects: 0.261800 ms CreateObjectMapping: 0.134800 ms MarkObjects: 1.583500 ms  DeleteObjects: 0.063200 ms)

========================================================================
Received Import Request.
  path: Assets/Scripts/PlayerMovement.cs
  artifactKey: Guid(7468ba4ead243054c9126bf3df53d589) Importer(815301076,1909f56bfc062723c751e8b465ee728b)
Start importing Assets/Scripts/PlayerMovement.cs using Guid(7468ba4ead243054c9126bf3df53d589) Importer(815301076,1909f56bfc062723c751e8b465ee728b)  -> (artifact id: 'd2ceefb029f682ceca6f8b0274405bfe') in 0.017404 seconds 
========================================================================
Received Prepare
Registering precompiled user dll's ...
Registered in 0.002433 seconds.
Begin MonoManager ReloadAssembly
Native extension for WindowsStandalone target not found
Refreshing native plugins compatible for Editor in 0.51 ms, found 1 plugins.
Preloading 0 native plugins for Editor in 0.00 ms.
Mono: successfully reloaded assembly
- Completed reload, in  0.783 seconds
Platform modules already initialized, skipping
Refreshing native plugins compatible for Editor in 0.60 ms, found 1 plugins.
Preloading 0 native plugins for Editor in 0.00 ms.
Unloading 2817 Unused Serialized files (Serialized files now loaded: 0)
System memory in use before: 103.4 MB.
System memory in use after: 103.6 MB.

Unloading 11 unused Assets to reduce memory usage. Loaded Objects now: 3278.
Total: 2.052000 ms (FindLiveObjects: 0.250200 ms CreateObjectMapping: 0.132200 ms MarkObjects: 1.626500 ms  DeleteObjects: 0.042400 ms)

========================================================================
Received Import Request.
  Time since last request: 51.259387 seconds.
  path: Assets/Scripts/PlayerMovement.cs
  artifactKey: Guid(7468ba4ead243054c9126bf3df53d589) Importer(815301076,1909f56bfc062723c751e8b465ee728b)
Start importing Assets/Scripts/PlayerMovement.cs using Guid(7468ba4ead243054c9126bf3df53d589) Importer(815301076,1909f56bfc062723c751e8b465ee728b)  -> (artifact id: 'be9f5cf6e78ba12c8e515a98190cf355') in 0.005206 seconds 
========================================================================
Received Prepare
Registering precompiled user dll's ...
Registered in 0.002520 seconds.
Begin MonoManager ReloadAssembly
Native extension for WindowsStandalone target not found
Refreshing native plugins compatible for Editor in 0.51 ms, found 1 plugins.
Preloading 0 native plugins for Editor in 0.00 ms.
Mono: successfully reloaded assembly
- Completed reload, in  0.788 seconds
Platform modules already initialized, skipping
Refreshing native plugins compatible for Editor in 0.50 ms, found 1 plugins.
Preloading 0 native plugins for Editor in 0.00 ms.
Unloading 2817 Unused Serialized files (Serialized files now loaded: 0)
System memory in use before: 103.4 MB.
System memory in use after: 103.6 MB.

Unloading 11 unused Assets to reduce memory usage. Loaded Objects now: 3281.
Total: 1.857900 ms (FindLiveObjects: 0.235500 ms CreateObjectMapping: 0.118400 ms MarkObjects: 1.458600 ms  DeleteObjects: 0.044600 ms)

========================================================================
Received Prepare
Registering precompiled user dll's ...
Registered in 0.002577 seconds.
Begin MonoManager ReloadAssembly
Native extension for WindowsStandalone target not found
Refreshing native plugins compatible for Editor in 0.51 ms, found 1 plugins.
Preloading 0 native plugins for Editor in 0.00 ms.
Mono: successfully reloaded assembly
- Completed reload, in  0.784 seconds
Platform modules already initialized, skipping
Refreshing native plugins compatible for Editor in 0.68 ms, found 1 plugins.
Preloading 0 native plugins for Editor in 0.00 ms.
Unloading 2817 Unused Serialized files (Serialized files now loaded: 0)
System memory in use before: 103.4 MB.
System memory in use after: 103.6 MB.

Unloading 11 unused Assets to reduce memory usage. Loaded Objects now: 3284.
Total: 2.120700 ms (FindLiveObjects: 0.245300 ms CreateObjectMapping: 0.127000 ms MarkObjects: 1.703700 ms  DeleteObjects: 0.043800 ms)

========================================================================
Received Import Request.
  Time since last request: 517.907008 seconds.
  path: Assets/Scripts/EnemyMovement.cs
  artifactKey: Guid(010cb0b57b9316f41b41907d8408f237) Importer(815301076,1909f56bfc062723c751e8b465ee728b)
Start importing Assets/Scripts/EnemyMovement.cs using Guid(010cb0b57b9316f41b41907d8408f237) Importer(815301076,1909f56bfc062723c751e8b465ee728b)  -> (artifact id: '083dee0effff38d08daefc431d8b78c5') in 0.008929 seconds 
========================================================================
Received Prepare
Registering precompiled user dll's ...
Registered in 0.002597 seconds.
Begin MonoManager ReloadAssembly
Native extension for WindowsStandalone target not found
Refreshing native plugins compatible for Editor in 0.51 ms, found 1 plugins.
Preloading 0 native plugins for Editor in 0.00 ms.
Mono: successfully reloaded assembly
- Completed reload, in  0.784 seconds
Platform modules already initialized, skipping
Refreshing native plugins compatible for Editor in 0.51 ms, found 1 plugins.
Preloading 0 native plugins for Editor in 0.00 ms.
Unloading 2817 Unused Serialized files (Serialized files now loaded: 0)
System memory in use before: 103.5 MB.
System memory in use after: 103.7 MB.

Unloading 11 unused Assets to reduce memory usage. Loaded Objects now: 3287.
Total: 1.836200 ms (FindLiveObjects: 0.238200 ms CreateObjectMapping: 0.116800 ms MarkObjects: 1.443000 ms  DeleteObjects: 0.037400 ms)

========================================================================
Received Prepare
Registering precompiled user dll's ...
Registered in 0.002568 seconds.
Begin MonoManager ReloadAssembly
Native extension for WindowsStandalone target not found
Refreshing native plugins compatible for Editor in 0.50 ms, found 1 plugins.
Preloading 0 native plugins for Editor in 0.00 ms.
Mono: successfully reloaded assembly
- Completed reload, in  0.784 seconds
Platform modules already initialized, skipping
Refreshing native plugins compatible for Editor in 0.51 ms, found 1 plugins.
Preloading 0 native plugins for Editor in 0.00 ms.
Unloading 2817 Unused Serialized files (Serialized files now loaded: 0)
System memory in use before: 103.5 MB.
System memory in use after: 103.7 MB.

Unloading 11 unused Assets to reduce memory usage. Loaded Objects now: 3290.
Total: 2.025000 ms (FindLiveObjects: 0.232100 ms CreateObjectMapping: 0.105800 ms MarkObjects: 1.646000 ms  DeleteObjects: 0.040400 ms)

========================================================================
Received Prepare
Registering precompiled user dll's ...
Registered in 0.002478 seconds.
Begin MonoManager ReloadAssembly
Native extension for WindowsStandalone target not found
Refreshing native plugins compatible for Editor in 0.50 ms, found 1 plugins.
Preloading 0 native plugins for Editor in 0.00 ms.
Mono: successfully reloaded assembly
- Completed reload, in  0.776 seconds
Platform modules already initialized, skipping
Refreshing native plugins compatible for Editor in 0.67 ms, found 1 plugins.
Preloading 0 native plugins for Editor in 0.00 ms.
Unloading 2817 Unused Serialized files (Serialized files now loaded: 0)
System memory in use before: 103.5 MB.
System memory in use after: 103.7 MB.

Unloading 11 unused Assets to reduce memory usage. Loaded Objects now: 3293.
Total: 1.967900 ms (FindLiveObjects: 0.258000 ms CreateObjectMapping: 0.143800 ms MarkObjects: 1.521900 ms  DeleteObjects: 0.043300 ms)

========================================================================
Received Import Request.
  Time since last request: 380.375630 seconds.
  path: Assets/Scripts/EnemyMovement.cs
  artifactKey: Guid(010cb0b57b9316f41b41907d8408f237) Importer(815301076,1909f56bfc062723c751e8b465ee728b)
Start importing Assets/Scripts/EnemyMovement.cs using Guid(010cb0b57b9316f41b41907d8408f237) Importer(815301076,1909f56bfc062723c751e8b465ee728b)  -> (artifact id: '20b156f59e9d64bf98c60ddc9a820da3') in 0.005153 seconds 
========================================================================
Received Prepare
Registering precompiled user dll's ...
Registered in 0.002542 seconds.
Begin MonoManager ReloadAssembly
Native extension for WindowsStandalone target not found
Refreshing native plugins compatible for Editor in 0.50 ms, found 1 plugins.
Preloading 0 native plugins for Editor in 0.00 ms.
Mono: successfully reloaded assembly
- Completed reload, in  0.799 seconds
Platform modules already initialized, skipping
Refreshing native plugins compatible for Editor in 0.62 ms, found 1 plugins.
Preloading 0 native plugins for Editor in 0.00 ms.
Unloading 2817 Unused Serialized files (Serialized files now loaded: 0)
System memory in use before: 103.5 MB.
System memory in use after: 103.7 MB.

Unloading 11 unused Assets to reduce memory usage. Loaded Objects now: 3296.
Total: 2.046200 ms (FindLiveObjects: 0.276600 ms CreateObjectMapping: 0.128200 ms MarkObjects: 1.592700 ms  DeleteObjects: 0.047800 ms)

========================================================================
Received Import Request.
  Time since last request: 314.584967 seconds.
  path: Assets/Scripts/EnemyMovement.cs
  artifactKey: Guid(010cb0b57b9316f41b41907d8408f237) Importer(815301076,1909f56bfc062723c751e8b465ee728b)
Start importing Assets/Scripts/EnemyMovement.cs using Guid(010cb0b57b9316f41b41907d8408f237) Importer(815301076,1909f56bfc062723c751e8b465ee728b)  -> (artifact id: 'd9041ba2557100a59b1db5a7af0a3caa') in 0.006172 seconds 
========================================================================
Received Prepare
Registering precompiled user dll's ...
Registered in 0.002539 seconds.
Begin MonoManager ReloadAssembly
Native extension for WindowsStandalone target not found
Refreshing native plugins compatible for Editor in 0.50 ms, found 1 plugins.
Preloading 0 native plugins for Editor in 0.00 ms.
Mono: successfully reloaded assembly
- Completed reload, in  0.783 seconds
Platform modules already initialized, skipping
Refreshing native plugins compatible for Editor in 0.51 ms, found 1 plugins.
Preloading 0 native plugins for Editor in 0.00 ms.
Unloading 2817 Unused Serialized files (Serialized files now loaded: 0)
System memory in use before: 103.5 MB.
System memory in use after: 103.7 MB.

Unloading 11 unused Assets to reduce memory usage. Loaded Objects now: 3299.
Total: 1.865300 ms (FindLiveObjects: 0.232600 ms CreateObjectMapping: 0.128100 ms MarkObjects: 1.462200 ms  DeleteObjects: 0.041600 ms)

========================================================================
Received Import Request.
  Time since last request: 662.193911 seconds.
  path: Assets/Mutant Idle.fbx
  artifactKey: Guid(4e5ad738c11f8b44f8db6bee06c9a809) Importer(815301076,1909f56bfc062723c751e8b465ee728b)
Start importing Assets/Mutant Idle.fbx using Guid(4e5ad738c11f8b44f8db6bee06c9a809) Importer(815301076,1909f56bfc062723c751e8b465ee728b)  -> (artifact id: 'f4ff87af0d5464c9feacf353355ebb3d') in 0.049117 seconds 
========================================================================
Received Import Request.
  Time since last request: 41.210641 seconds.
  path: Assets/Zombie3.controller
  artifactKey: Guid(412e00a5e8c0a47408e20b59d14a2f56) Importer(815301076,1909f56bfc062723c751e8b465ee728b)
Start importing Assets/Zombie3.controller using Guid(412e00a5e8c0a47408e20b59d14a2f56) Importer(815301076,1909f56bfc062723c751e8b465ee728b)  -> (artifact id: '34a01de81ef6181cd86bcfe58530d57b') in 0.010811 seconds 
========================================================================
Received Import Request.
  Time since last request: 17.108338 seconds.
  path: Assets/Zombie1.controller
  artifactKey: Guid(d2197b32daf1bc448a7692f3c847a794) Importer(815301076,1909f56bfc062723c751e8b465ee728b)
Start importing Assets/Zombie1.controller using Guid(d2197b32daf1bc448a7692f3c847a794) Importer(815301076,1909f56bfc062723c751e8b465ee728b)  -> (artifact id: '2788a13ffdf47639bfe9f6efddbc5064') in 0.009977 seconds 
========================================================================
Received Import Request.
  Time since last request: 344.894290 seconds.
  path: Assets/Zombie2.controller
  artifactKey: Guid(afb63a5f73bd7b741924c0beaaef3d0a) Importer(815301076,1909f56bfc062723c751e8b465ee728b)
Start importing Assets/Zombie2.controller using Guid(afb63a5f73bd7b741924c0beaaef3d0a) Importer(815301076,1909f56bfc062723c751e8b465ee728b)  -> (artifact id: '3683171f52a788e6d8155e01ea609b63') in 0.007896 seconds 
========================================================================
Received Prepare
Registering precompiled user dll's ...
Registered in 0.002681 seconds.
Begin MonoManager ReloadAssembly
Native extension for WindowsStandalone target not found
Refreshing native plugins compatible for Editor in 0.53 ms, found 1 plugins.
Preloading 0 native plugins for Editor in 0.00 ms.
Mono: successfully reloaded assembly
- Completed reload, in  0.788 seconds
Platform modules already initialized, skipping
Refreshing native plugins compatible for Editor in 0.60 ms, found 1 plugins.
Preloading 0 native plugins for Editor in 0.00 ms.
Unloading 2817 Unused Serialized files (Serialized files now loaded: 0)
System memory in use before: 103.5 MB.
System memory in use after: 103.7 MB.

Unloading 11 unused Assets to reduce memory usage. Loaded Objects now: 3302.
Total: 2.080200 ms (FindLiveObjects: 0.256700 ms CreateObjectMapping: 0.140500 ms MarkObjects: 1.638400 ms  DeleteObjects: 0.043800 ms)

========================================================================
Received Prepare
Registering precompiled user dll's ...
Registered in 0.002529 seconds.
Begin MonoManager ReloadAssembly
Native extension for WindowsStandalone target not found
Refreshing native plugins compatible for Editor in 0.52 ms, found 1 plugins.
Preloading 0 native plugins for Editor in 0.00 ms.
Mono: successfully reloaded assembly
- Completed reload, in  0.779 seconds
Platform modules already initialized, skipping
Refreshing native plugins compatible for Editor in 0.60 ms, found 1 plugins.
Preloading 0 native plugins for Editor in 0.00 ms.
Unloading 2817 Unused Serialized files (Serialized files now loaded: 0)
System memory in use before: 103.5 MB.
System memory in use after: 103.7 MB.

Unloading 11 unused Assets to reduce memory usage. Loaded Objects now: 3305.
Total: 2.102600 ms (FindLiveObjects: 0.243800 ms CreateObjectMapping: 0.134800 ms MarkObjects: 1.673200 ms  DeleteObjects: 0.049800 ms)

========================================================================
Received Prepare
Registering precompiled user dll's ...
Registered in 0.002509 seconds.
Begin MonoManager ReloadAssembly
Native extension for WindowsStandalone target not found
Refreshing native plugins compatible for Editor in 0.50 ms, found 1 plugins.
Preloading 0 native plugins for Editor in 0.00 ms.
Mono: successfully reloaded assembly
- Completed reload, in  0.801 seconds
Platform modules already initialized, skipping
Refreshing native plugins compatible for Editor in 0.52 ms, found 1 plugins.
Preloading 0 native plugins for Editor in 0.00 ms.
Unloading 2817 Unused Serialized files (Serialized files now loaded: 0)
System memory in use before: 103.5 MB.
System memory in use after: 103.7 MB.

Unloading 11 unused Assets to reduce memory usage. Loaded Objects now: 3308.
Total: 1.931000 ms (FindLiveObjects: 0.241900 ms CreateObjectMapping: 0.109000 ms MarkObjects: 1.538300 ms  DeleteObjects: 0.041000 ms)

========================================================================
Received Prepare
Registering precompiled user dll's ...
Registered in 0.003050 seconds.
Begin MonoManager ReloadAssembly
Native extension for WindowsStandalone target not found
Refreshing native plugins compatible for Editor in 0.78 ms, found 1 plugins.
Preloading 0 native plugins for Editor in 0.00 ms.
Mono: successfully reloaded assembly
- Completed reload, in  0.774 seconds
Platform modules already initialized, skipping
Refreshing native plugins compatible for Editor in 0.79 ms, found 1 plugins.
Preloading 0 native plugins for Editor in 0.00 ms.
Unloading 2817 Unused Serialized files (Serialized files now loaded: 0)
System memory in use before: 103.5 MB.
System memory in use after: 103.7 MB.

Unloading 11 unused Assets to reduce memory usage. Loaded Objects now: 3311.
Total: 2.236500 ms (FindLiveObjects: 0.253400 ms CreateObjectMapping: 0.118200 ms MarkObjects: 1.822900 ms  DeleteObjects: 0.041200 ms)

========================================================================
Received Prepare
Registering precompiled user dll's ...
Registered in 0.002588 seconds.
Begin MonoManager ReloadAssembly
Native extension for WindowsStandalone target not found
Refreshing native plugins compatible for Editor in 0.49 ms, found 1 plugins.
Preloading 0 native plugins for Editor in 0.00 ms.
Mono: successfully reloaded assembly
- Completed reload, in  0.786 seconds
Platform modules already initialized, skipping
Refreshing native plugins compatible for Editor in 0.53 ms, found 1 plugins.
Preloading 0 native plugins for Editor in 0.00 ms.
Unloading 2817 Unused Serialized files (Serialized files now loaded: 0)
System memory in use before: 103.5 MB.
System memory in use after: 103.7 MB.

Unloading 11 unused Assets to reduce memory usage. Loaded Objects now: 3314.
Total: 2.174200 ms (FindLiveObjects: 0.272500 ms CreateObjectMapping: 0.131500 ms MarkObjects: 1.712500 ms  DeleteObjects: 0.056600 ms)

========================================================================
Received Prepare
Registering precompiled user dll's ...
Registered in 0.002550 seconds.
Begin MonoManager ReloadAssembly
Native extension for WindowsStandalone target not found
Refreshing native plugins compatible for Editor in 0.51 ms, found 1 plugins.
Preloading 0 native plugins for Editor in 0.00 ms.
Mono: successfully reloaded assembly
- Completed reload, in  0.804 seconds
Platform modules already initialized, skipping
Refreshing native plugins compatible for Editor in 0.73 ms, found 1 plugins.
Preloading 0 native plugins for Editor in 0.00 ms.
Unloading 2817 Unused Serialized files (Serialized files now loaded: 0)
System memory in use before: 103.5 MB.
System memory in use after: 103.7 MB.

Unloading 11 unused Assets to reduce memory usage. Loaded Objects now: 3317.
Total: 2.224400 ms (FindLiveObjects: 0.371200 ms CreateObjectMapping: 0.154200 ms MarkObjects: 1.650600 ms  DeleteObjects: 0.047500 ms)

========================================================================
Received Prepare
Registering precompiled user dll's ...
Registered in 0.002500 seconds.
Begin MonoManager ReloadAssembly
Native extension for WindowsStandalone target not found
Refreshing native plugins compatible for Editor in 0.51 ms, found 1 plugins.
Preloading 0 native plugins for Editor in 0.00 ms.
Mono: successfully reloaded assembly
- Completed reload, in  0.774 seconds
Platform modules already initialized, skipping
Refreshing native plugins compatible for Editor in 0.50 ms, found 1 plugins.
Preloading 0 native plugins for Editor in 0.00 ms.
Unloading 2817 Unused Serialized files (Serialized files now loaded: 0)
System memory in use before: 103.6 MB.
System memory in use after: 103.8 MB.

Unloading 11 unused Assets to reduce memory usage. Loaded Objects now: 3320.
Total: 2.003700 ms (FindLiveObjects: 0.217100 ms CreateObjectMapping: 0.102300 ms MarkObjects: 1.608900 ms  DeleteObjects: 0.074600 ms)

AssetImportWorkerClient::OnTransportError - code=2 error=End of file
